<?xml version="1.0" encoding="UTF-8"?>
<!-- Generated by org.testng.reporters.JUnitReportReporter -->
<testsuite skipped="0" hostname="TYSS-4F-057" name="script.Demo1" tests="2" failures="0" timestamp="07 Jan 2019 07:25:46 GMT" time="0.000" errors="0">
  <testcase name="test1" time="0.000" classname="script.Demo1"/>
  <testcase name="test" time="0.000" classname="script.Demo1"/>
</testsuite> <!-- script.Demo1 -->
